TN:
SF:src\types.ts
FNF:0
FNH:0
LF:0
LH:0
BRF:0
BRH:0
end_of_record
TN:
SF:src\components\ConfirmDeleteDialog.tsx
FN:11,ConfirmDeleteDialog
FNF:1
FNH:1
FNDA:16,ConfirmDeleteDialog
DA:17,16
LF:1
LH:1
BRDA:23,0,0,5
BRDA:23,0,1,11
BRF:2
BRH:2
end_of_record
TN:
SF:src\components\TaskCard.tsx
FN:10,TaskCard
FN:23,(anonymous_1)
FNF:2
FNH:2
FNDA:26,TaskCard
FNDA:1,(anonymous_1)
DA:11,26
DA:12,26
DA:23,1
LF:3
LH:3
BRDA:19,0,0,8
BRDA:19,0,1,18
BRDA:20,1,0,8
BRDA:20,1,1,18
BRF:4
BRH:4
end_of_record
TN:
SF:src\components\TaskForm.tsx
FN:8,TaskForm
FN:11,(anonymous_1)
FNF:2
FNH:2
FNDA:21,TaskForm
FNDA:5,(anonymous_1)
DA:9,21
DA:11,21
DA:12,5
DA:13,4
DA:16,21
LF:5
LH:5
BRDA:12,0,0,1
BRDA:12,0,1,4
BRF:2
BRH:2
end_of_record
TN:
SF:src\components\TaskList.tsx
FN:11,TaskList
FN:11,(anonymous_1)
FN:23,(anonymous_2)
FN:24,(anonymous_3)
FNF:4
FNH:3
FNDA:14,TaskList
FNDA:0,(anonymous_1)
FNDA:23,(anonymous_2)
FNDA:17,(anonymous_3)
DA:12,14
DA:13,5
DA:16,9
DA:23,23
DA:24,17
LF:5
LH:5
BRDA:11,0,0,4
BRDA:12,1,0,5
BRDA:12,1,1,9
BRDA:19,2,0,2
BRDA:19,2,1,7
BRF:5
BRH:5
end_of_record
TN:
SF:src\hooks\useCounter.ts
FN:3,useCounter
FN:6,(anonymous_1)
FN:6,(anonymous_2)
FN:7,(anonymous_3)
FN:7,(anonymous_4)
FN:8,(anonymous_5)
FNF:6
FNH:6
FNDA:9,useCounter
FNDA:3,(anonymous_1)
FNDA:3,(anonymous_2)
FNDA:1,(anonymous_3)
FNDA:1,(anonymous_4)
FNDA:1,(anonymous_5)
DA:4,9
DA:6,9
DA:7,9
DA:8,9
DA:10,9
LF:5
LH:5
BRDA:3,0,0,3
BRF:1
BRH:1
end_of_record
TN:
SF:src\hooks\useCreateTask.ts
FN:5,useCreateTask
FN:11,(anonymous_1)
FN:14,(anonymous_2)
FN:16,(anonymous_3)
FN:17,(anonymous_4)
FN:18,(anonymous_5)
FN:21,(anonymous_6)
FN:22,(anonymous_7)
FN:27,(anonymous_8)
FN:31,(anonymous_9)
FN:38,(anonymous_10)
FN:39,(anonymous_11)
FN:39,(anonymous_12)
FNF:13
FNH:11
FNDA:26,useCreateTask
FNDA:8,(anonymous_1)
FNDA:8,(anonymous_2)
FNDA:8,(anonymous_3)
FNDA:0,(anonymous_4)
FNDA:4,(anonymous_5)
FNDA:0,(anonymous_6)
FNDA:8,(anonymous_7)
FNDA:7,(anonymous_8)
FNDA:5,(anonymous_9)
FNDA:1,(anonymous_10)
FNDA:1,(anonymous_11)
FNDA:1,(anonymous_12)
DA:6,26
DA:7,26
DA:11,26
DA:12,8
DA:13,8
DA:15,8
DA:16,8
DA:17,8
DA:18,8
DA:22,8
DA:23,8
DA:27,26
DA:28,7
DA:29,7
DA:30,7
DA:31,5
DA:32,5
DA:34,2
DA:38,26
DA:39,1
DA:42,26
LF:21
LH:21
BRDA:15,0,0,0
BRDA:15,0,1,8
BRF:2
BRH:1
end_of_record
TN:
SF:src\hooks\useTaskList.ts
FN:4,useTaskList
FN:8,(anonymous_1)
FN:19,(anonymous_2)
FN:22,(anonymous_3)
FN:23,(anonymous_4)
FN:23,(anonymous_5)
FNF:6
FNH:6
FNDA:10,useTaskList
FNDA:4,(anonymous_1)
FNDA:2,(anonymous_2)
FNDA:1,(anonymous_3)
FNDA:1,(anonymous_4)
FNDA:2,(anonymous_5)
DA:5,10
DA:6,10
DA:8,10
DA:9,4
DA:10,2
DA:11,2
DA:13,2
DA:14,2
DA:19,2
DA:22,10
DA:23,2
DA:26,10
DA:28,10
LF:13
LH:13
BRDA:4,0,0,8
BRDA:9,1,0,2
BRDA:9,1,1,2
BRF:3
BRH:3
end_of_record
TN:
SF:src\schemas\taskSchema.ts
FNF:0
FNH:0
DA:3,1
DA:10,1
LF:2
LH:2
BRF:0
BRH:0
end_of_record
TN:
SF:src\screens\CreateTaskScreen.tsx
FN:9,CreateTaskScreen
FN:14,(anonymous_1)
FN:37,(anonymous_2)
FN:38,(anonymous_3)
FNF:4
FNH:2
FNDA:10,CreateTaskScreen
FNDA:13,(anonymous_1)
FNDA:0,(anonymous_2)
FNDA:0,(anonymous_3)
DA:10,10
DA:11,10
DA:12,10
DA:14,13
DA:16,10
DA:37,0
DA:39,0
DA:40,0
LF:8
LH:5
BRDA:23,0,0,10
BRDA:23,0,1,1
BRDA:28,1,0,10
BRDA:28,1,1,1
BRDA:39,2,0,0
BRDA:39,2,1,0
BRF:6
BRH:4
end_of_record
TN:
SF:src\services\taskService.ts
FN:5,fetchTasks
FN:11,createTask
FNF:2
FNH:2
FNDA:3,fetchTasks
FNDA:2,createTask
DA:3,1
DA:6,3
DA:7,3
DA:8,3
DA:12,2
DA:17,2
DA:18,1
LF:7
LH:7
BRDA:7,0,0,0
BRDA:7,0,1,3
BRDA:17,1,0,1
BRDA:17,1,1,1
BRF:4
BRH:3
end_of_record
TN:
SF:src\utils\filterTasks.ts
FN:7,filterTasksByStatus
FN:12,(anonymous_1)
FNF:2
FNH:2
FNDA:7,filterTasksByStatus
FNDA:12,(anonymous_1)
DA:5,1
DA:8,7
DA:9,2
DA:11,5
DA:12,12
LF:5
LH:5
BRDA:8,0,0,2
BRDA:8,0,1,5
BRDA:11,1,0,1
BRDA:11,1,1,4
BRF:4
BRH:4
end_of_record
TN:
SF:src\utils\validateTask.ts
FN:1,validateTaskTitle
FNF:1
FNH:1
FNDA:12,validateTaskTitle
DA:2,12
DA:3,4
DA:5,8
DA:6,2
DA:8,6
DA:9,1
DA:11,5
LF:7
LH:7
BRDA:2,0,0,4
BRDA:2,0,1,8
BRDA:2,1,0,12
BRDA:2,1,1,9
BRDA:5,2,0,2
BRDA:5,2,1,6
BRDA:8,3,0,1
BRDA:8,3,1,5
BRF:8
BRH:8
end_of_record
